Arguments: 
  C:\Program Files\nodejs\node.exe C:\Users\Админ\AppData\Roaming\npm\node_modules\yarn\bin\yarn.js run start:dev:server

PATH: 
  C:\WINDOWS\system32;C:\WINDOWS;C:\WINDOWS\System32\Wbem;C:\WINDOWS\System32\WindowsPowerShell\v1.0\;C:\WINDOWS\System32\OpenSSH\;H:\программирование\command;C:\Program Files\Git\cmd;C:\Program Files (x86)\dotnet\;C:\Program Files\nodejs\;C:\Users\Админ\AppData\Local\Microsoft\WindowsApps;F:\программирование\Microsoft VS Code\bin;H:\phpstorm\PhpStorm 2021.1.1\bin;;C:\Users\Админ\AppData\Roaming\npm

Yarn version: 
  1.22.19

Node version: 
  18.16.0

Platform: 
  win32 x64

Trace: 
  SyntaxError: F:\Ulbi\production-project\package.json: Unexpected token n in JSON at position 3830
      at JSON.parse (<anonymous>)
      at C:\Users\Админ\AppData\Roaming\npm\node_modules\yarn\lib\cli.js:1629:59
      at Generator.next (<anonymous>)
      at step (C:\Users\Админ\AppData\Roaming\npm\node_modules\yarn\lib\cli.js:310:30)
      at C:\Users\Админ\AppData\Roaming\npm\node_modules\yarn\lib\cli.js:321:13

npm manifest: 
  {
    "name": "production-project",
    "version": "1.0.0",
    "description": "",
    "main": "index.js",
    "scripts": {
      "start": "webpack serve --env port=3000",
      "start:dev:server": "node ./json-server/index.js",
      "build:prod": "webpack  --env mode=production",
      "build:dev": "webpack  --env mode=development",
      "lint:ts": "eslint \"**/*.{ts,tsx}\"",
      "lint:ts:fix": "eslint \"**/*.{ts,tsx}\" --fix",
      "lint:scss": "npx stylelint \"**/*.scss\"",
      "lint:scss:fix": "npx stylelint \"**/*.scss\" --fix",
      "test:unit": "jest --config ./config/jest/jest.config.ts",
      "test:ui": "npx loki test",
      "test:ui:ok": "npx loki approve",
      "test:ui:ci": "npx loki --requireReference --reactUri file:./storybook-static",
      "test:ui:report": "npm run test:ui:json && npm run test:ui:html",
      "test:ui:json": "node scripts/generate-visual-json-report.js",
      "test:ui:html": "reg-cli --from .loki/report.json --report .loki/report.html",
      "storybook": "start-storybook -p 6006 -c ./config/storybook",
      "storybook:build": "build-storybook -c ./config/storybook"
    },
    "keywords": [],
    "author": "",
    "license": "ISC",
    "devDependencies": {
      "@babel/core": "^7.17.5",
      "@babel/preset-env": "^7.16.11",
      "@babel/preset-react": "^7.16.7",
      "@babel/preset-typescript": "^7.16.7",
      "@storybook/addon-actions": "^6.4.19",
      "@storybook/addon-essentials": "^6.4.19",
      "@storybook/addon-interactions": "^6.4.19",
      "@storybook/addon-links": "^6.4.19",
      "@storybook/builder-webpack5": "^6.4.19",
      "@storybook/manager-webpack5": "^6.4.19",
      "@storybook/react": "^6.4.19",
      "@storybook/testing-library": "^0.0.9",
      "@svgr/webpack": "^6.2.1",
      "@testing-library/jest-dom": "^5.16.2",
      "@testing-library/react": "^12.1.3",
      "@types/jest": "^27.4.1",
      "@types/node": "^17.0.21",
      "@types/react": "^17.0.39",
      "@types/react-dom": "^17.0.11",
      "@types/react-router-dom": "^5.3.3",
      "@types/webpack": "^5.28.0",
      "@types/webpack-bundle-analyzer": "^4.4.1",
      "@types/webpack-dev-server": "^4.7.2",
      "@typescript-eslint/eslint-plugin": "^5.12.1",
      "@typescript-eslint/parser": "^5.12.1",
      "babel-loader": "^8.2.3",
      "babel-plugin-i18next-extract": "^0.8.3",
      "css-loader": "^6.6.0",
      "eslint": "^8.10.0",
      "eslint-config-airbnb": "^19.0.4",
      "eslint-plugin-i18next": "^5.1.2",
      "eslint-plugin-import": "^2.25.4",
      "eslint-plugin-jsx-a11y": "^6.5.1",
      "eslint-plugin-react": "^7.29.2",
      "eslint-plugin-react-hooks": "^4.6.0",
      "file-loader": "^6.2.0",
      "html-webpack-plugin": "^5.5.0",
      "identity-obj-proxy": "^3.0.0",
      "jest": "^27.5.1",
      "mini-css-extract-plugin": "^2.5.3",
      "reg-cli": "^0.17.7",
      "regenerator-runtime": "^0.13.9",
      "sass": "^1.49.9",
      "sass-loader": "^12.6.0",
      "style-loader": "^3.3.1",
      "stylelint": "^14.5.3",
      "stylelint-config-standard-scss": "^3.0.0",
      "ts-loader": "^9.2.6",
      "ts-node": "^10.5.0",
      "typescript": "^4.5.5",
      "webpack": "^5.69.1",
      "webpack-bundle-analyzer": "^4.5.0",
      "webpack-cli": "^4.9.2",
      "webpack-dev-server": "^4.7.4"
    },
    "dependencies": {
      "@reduxjs/toolkit": "^1.8.0",
      "i18next": "^21.6.11",
      "i18next-browser-languagedetector": "^6.1.3",
      "i18next-http-backend": "^1.3.2",
      "json-server": "^0.17.0",
      "loki": "^0.31.2",
      "react": "^17.0.2",
      "react-dom": "^17.0.2",
      "react-i18next": "^11.15.5",
      "react-redux": "^7.2.6",
      "react-router-dom": "^6.2.1"
    },
    "loki": {
      "configurations": {
        "chrome.laptop": {
          "target": "chrome.app",
          "width": 1366,
          "height": 768,
          "deviceScaleFactor": 1,
          "mobile": false
        },
        "chrome.iphone7": {
          "target": "chrome.app",
          "preset": "iPhone 7"
        }
      }
    }
  }
  
  npm i -D json-server@0.17.0

yarn manifest: 
  No manifest

Lockfile: 
  
